<?xml version="1.0" encoding="UTF-8"?>
<!-- Generated by org.testng.reporters.JUnitReportReporter -->
<testsuite hostname="Neepa-Laptop" failures="0" tests="2" name="tests.Test_Verify_Custoemr_Profile" time="26.547" errors="0" timestamp="2024-04-06T09:13:30 MST" skipped="0">
  <testcase classname="tests.Test_Verify_Custoemr_Profile" name="verify_customer_first_name" time="15.204"/>
  <system-out/>
  <testcase classname="tests.Test_Verify_Custoemr_Profile" name="verify_customer_last_name" time="11.343"/>
  <system-out/>
</testsuite> <!-- tests.Test_Verify_Custoemr_Profile -->
