<?xml version="1.0" encoding="UTF-8"?>
<!-- Generated by org.testng.reporters.JUnitReportReporter -->
<testsuite hostname="Neepa-Laptop" failures="0" tests="2" name="tests.Test_Employee_Login" time="5.108" errors="0" timestamp="2024-04-06T09:13:30 MST" skipped="0">
  <testcase classname="tests.Test_Employee_Login" name="login_as_Employee2" time="2.769"/>
  <system-out/>
  <testcase classname="tests.Test_Employee_Login" name="login_as_Employee" time="2.339"/>
  <system-out/>
</testsuite> <!-- tests.Test_Employee_Login -->
