<?xml version="1.0" encoding="UTF-8"?>
<!-- Generated by org.testng.reporters.JUnitReportReporter -->
<testsuite hostname="Neepa-Laptop" failures="0" tests="1" name="tests.Test_Create_Order" time="4.882" errors="0" timestamp="2024-04-06T09:13:30 MST" skipped="0">
  <testcase classname="tests.Test_Create_Order" name="create_order_test" time="4.882"/>
  <system-out/>
</testsuite> <!-- tests.Test_Create_Order -->
