<?xml version="1.0" encoding="UTF-8"?>
<!-- Generated by org.testng.reporters.JUnitReportReporter -->
<testsuite hostname="Neepa-Laptop" failures="0" tests="1" name="tests.Test_LandingPage_Logo" time="0.971" errors="0" timestamp="2024-03-06T08:39:18 MST" skipped="0">
  <testcase classname="tests.Test_LandingPage_Logo" name="login_as_customer" time="0.971"/>
  <system-out/>
</testsuite> <!-- tests.Test_LandingPage_Logo -->
