<?xml version="1.0" encoding="UTF-8"?>
<!-- Generated by org.testng.reporters.JUnitReportReporter -->
<testsuite hostname="SkySchooling" failures="0" tests="1" name="tests.Create_Order" time="1.763" errors="0" timestamp="2023-12-09T13:48:24 CST" skipped="0">
  <testcase classname="tests.Create_Order" name="create_order_test" time="1.763"/>
  <system-out/>
</testsuite> <!-- tests.Create_Order -->
