<?xml version="1.0" encoding="UTF-8"?>
<!-- Generated by org.testng.reporters.JUnitReportReporter -->
<testsuite hostname="Neepa-Laptop" failures="0" tests="2" name="tests.Test_Customer_Login" time="7.241" errors="0" timestamp="2024-04-06T09:13:30 MST" skipped="0">
  <testcase classname="tests.Test_Customer_Login" name="login_as_Customer" time="4.779"/>
  <system-out/>
  <testcase classname="tests.Test_Customer_Login" name="login_as_customer" time="2.462"/>
  <system-out/>
</testsuite> <!-- tests.Test_Customer_Login -->
