<?xml version="1.0" encoding="UTF-8"?>
<!-- Generated by org.testng.reporters.JUnitReportReporter -->
<testsuite hostname="Neepa-Laptop" failures="0" tests="1" name="pages.LoginPage" time="30.143" errors="1" timestamp="2024-03-04T20:56:53 MST" skipped="0">
  <testcase classname="pages.LoginPage" name="loginAsEmployee" time="30.143">
    <error message="Error {
  message=&#039;Timeout 30000ms exceeded.
=========================== logs ===========================
waiting for locator(&quot;xpath=//a[@href=&#039;elogin.php&#039;]&quot;)
============================================================
  name=&#039;TimeoutError
  stack=&#039;TimeoutError: Timeout 30000ms exceeded.
=========================== logs ===========================
waiting for locator(&quot;xpath=//a[@href=&#039;elogin.php&#039;]&quot;)
============================================================
    at ProgressController.run (C:\Users\mahbu\AppData\Local\Temp\playwright-java-4187752851717218205\package\lib\server\progress.js:88:26)
    at Frame.click (C:\Users\mahbu\AppData\Local\Temp\playwright-java-4187752851717218205\package\lib\server\frames.js:995:23)
    at FrameDispatcher.click (C:\Users\mahbu\AppData\Local\Temp\playwright-java-4187752851717218205\package\lib\server\dispatchers\frameDispatcher.js:154:30)
    at DispatcherConnection.dispatch (C:\Users\mahbu\AppData\Local\Temp\playwright-java-4187752851717218205\package\lib\server\dispatchers\dispatcher.js:346:46)
}" type="com.microsoft.playwright.TimeoutError">
      <![CDATA[com.microsoft.playwright.TimeoutError: Error {
  message='Timeout 30000ms exceeded.
=========================== logs ===========================
waiting for locator("xpath=//a[@href='elogin.php']")
============================================================
  name='TimeoutError
  stack='TimeoutError: Timeout 30000ms exceeded.
=========================== logs ===========================
waiting for locator("xpath=//a[@href='elogin.php']")
============================================================
    at ProgressController.run (C:\Users\mahbu\AppData\Local\Temp\playwright-java-4187752851717218205\package\lib\server\progress.js:88:26)
    at Frame.click (C:\Users\mahbu\AppData\Local\Temp\playwright-java-4187752851717218205\package\lib\server\frames.js:995:23)
    at FrameDispatcher.click (C:\Users\mahbu\AppData\Local\Temp\playwright-java-4187752851717218205\package\lib\server\dispatchers\frameDispatcher.js:154:30)
    at DispatcherConnection.dispatch (C:\Users\mahbu\AppData\Local\Temp\playwright-java-4187752851717218205\package\lib\server\dispatchers\dispatcher.js:346:46)
}
at com.microsoft.playwright.impl.WaitableResult.get(WaitableResult.java:52)
at com.microsoft.playwright.impl.ChannelOwner.runUntil(ChannelOwner.java:120)
at com.microsoft.playwright.impl.Connection.sendMessage(Connection.java:126)
at com.microsoft.playwright.impl.ChannelOwner.sendMessage(ChannelOwner.java:106)
at com.microsoft.playwright.impl.FrameImpl.clickImpl(FrameImpl.java:252)
at com.microsoft.playwright.impl.FrameImpl.lambda$click$8(FrameImpl.java:243)
at com.microsoft.playwright.impl.LoggingSupport.lambda$withLogging$0(LoggingSupport.java:36)
at com.microsoft.playwright.impl.LoggingSupport.withLogging(LoggingSupport.java:47)
at com.microsoft.playwright.impl.ChannelOwner.withLogging(ChannelOwner.java:89)
at com.microsoft.playwright.impl.LoggingSupport.withLogging(LoggingSupport.java:35)
at com.microsoft.playwright.impl.FrameImpl.click(FrameImpl.java:243)
at com.microsoft.playwright.impl.LocatorImpl.click(LocatorImpl.java:140)
at com.microsoft.playwright.Locator.click(Locator.java:2348)
at base.Base.click(Base.java:103)
at pages.LoginPage.loginAsEmployee(LoginPage.java:28)
at java.base/jdk.internal.reflect.NativeMethodAccessorImpl.invoke0(Native Method)
at java.base/jdk.internal.reflect.NativeMethodAccessorImpl.invoke(NativeMethodAccessorImpl.java:77)
at java.base/jdk.internal.reflect.DelegatingMethodAccessorImpl.invoke(DelegatingMethodAccessorImpl.java:43)
at java.base/java.lang.reflect.Method.invoke(Method.java:568)
at org.testng.internal.invokers.MethodInvocationHelper.invokeMethod(MethodInvocationHelper.java:139)
at org.testng.internal.invokers.TestInvoker.invokeMethod(TestInvoker.java:677)
at org.testng.internal.invokers.TestInvoker.invokeTestMethod(TestInvoker.java:221)
at org.testng.internal.invokers.MethodRunner.runInSequence(MethodRunner.java:50)
at org.testng.internal.invokers.TestInvoker$MethodInvocationAgent.invoke(TestInvoker.java:969)
at org.testng.internal.invokers.TestInvoker.invokeTestMethods(TestInvoker.java:194)
at org.testng.internal.invokers.TestMethodWorker.invokeTestMethods(TestMethodWorker.java:148)
at org.testng.internal.invokers.TestMethodWorker.run(TestMethodWorker.java:128)
at java.base/java.util.ArrayList.forEach(ArrayList.java:1511)
at org.testng.TestRunner.privateRun(TestRunner.java:829)
at org.testng.TestRunner.run(TestRunner.java:602)
at org.testng.SuiteRunner.runTest(SuiteRunner.java:437)
at org.testng.SuiteRunner.runSequentially(SuiteRunner.java:431)
at org.testng.SuiteRunner.privateRun(SuiteRunner.java:391)
at org.testng.SuiteRunner.run(SuiteRunner.java:330)
at org.testng.SuiteRunnerWorker.runSuite(SuiteRunnerWorker.java:52)
at org.testng.SuiteRunnerWorker.run(SuiteRunnerWorker.java:95)
at org.testng.TestNG.runSuitesSequentially(TestNG.java:1256)
at org.testng.TestNG.runSuitesLocally(TestNG.java:1176)
at org.testng.TestNG.runSuites(TestNG.java:1099)
at org.testng.TestNG.run(TestNG.java:1067)
at org.testng.remote.AbstractRemoteTestNG.run(AbstractRemoteTestNG.java:115)
at org.testng.remote.RemoteTestNG.initAndRun(RemoteTestNG.java:251)
at org.testng.remote.RemoteTestNG.main(RemoteTestNG.java:77)
Caused by: com.microsoft.playwright.TimeoutError: Error {
  message='Timeout 30000ms exceeded.
=========================== logs ===========================
waiting for locator("xpath=//a[@href='elogin.php']")
============================================================
  name='TimeoutError
  stack='TimeoutError: Timeout 30000ms exceeded.
=========================== logs ===========================
waiting for locator("xpath=//a[@href='elogin.php']")
============================================================
    at ProgressController.run (C:\Users\mahbu\AppData\Local\Temp\playwright-java-4187752851717218205\package\lib\server\progress.js:88:26)
    at Frame.click (C:\Users\mahbu\AppData\Local\Temp\playwright-java-4187752851717218205\package\lib\server\frames.js:995:23)
    at FrameDispatcher.click (C:\Users\mahbu\AppData\Local\Temp\playwright-java-4187752851717218205\package\lib\server\dispatchers\frameDispatcher.js:154:30)
    at DispatcherConnection.dispatch (C:\Users\mahbu\AppData\Local\Temp\playwright-java-4187752851717218205\package\lib\server\dispatchers\dispatcher.js:346:46)
}
at com.microsoft.playwright.impl.Connection.dispatch(Connection.java:224)
at com.microsoft.playwright.impl.Connection.processOneMessage(Connection.java:206)
at com.microsoft.playwright.impl.ChannelOwner.runUntil(ChannelOwner.java:118)
... 41 more
]]>
    </error>
  </testcase> <!-- loginAsEmployee -->
  <system-out/>
</testsuite> <!-- pages.LoginPage -->
